2024-06-18 11:24:14,524 - INFO - smearTablePath:D:/Code/dataprocess/Data/5400/Library/AATITest/2024 06 08\2024 06 08 11H 09M Smear Analysis Result.csv
2024-06-18 11:24:14,524 - INFO - smearTablePath:D:/Code/dataprocess/Data/5400/Library/AATITest/2024 06 08\2024 06 08 11H 09M Smear Analysis Result.csv
2024-06-18 11:24:16,596 - INFO - 文库计算结果保存名称：2024 06 08 11H 09M.xlsx
2024-06-18 11:24:16,596 - INFO - 文库计算结果保存名称：2024 06 08 11H 09M.xlsx
2024-06-18 11:24:16,597 - INFO - 正在处理准备文库数据...
2024-06-18 11:24:16,597 - INFO - 正在处理准备文库数据...
2024-06-18 11:24:17,761 - INFO - 文库数据计算完成
2024-06-18 11:24:17,761 - INFO - 文库数据计算完成
2024-06-18 11:25:49,048 - INFO - smearTablePath:D:/Code/dataprocess/Data/5400/Library/AATITest/2024 06 08\2024 06 08 11H 09M Smear Analysis Result.csv
2024-06-18 11:25:49,048 - INFO - smearTablePath:D:/Code/dataprocess/Data/5400/Library/AATITest/2024 06 08\2024 06 08 11H 09M Smear Analysis Result.csv
2024-06-18 11:25:51,087 - INFO - 文库计算结果保存名称：2024 06 08 11H 09M.xlsx
2024-06-18 11:25:51,087 - INFO - 文库计算结果保存名称：2024 06 08 11H 09M.xlsx
2024-06-18 11:25:51,088 - INFO - 正在处理准备文库数据...
2024-06-18 11:25:51,088 - INFO - 正在处理准备文库数据...
2024-06-18 11:25:52,263 - INFO - 文库数据计算完成
2024-06-18 11:25:52,263 - INFO - 文库数据计算完成
2024-06-18 11:27:01,644 - INFO - smearTablePath:D:/Code/dataprocess/Data/5400/Library/AATITest/2024 06 08\2024 06 08 11H 09M Smear Analysis Result.csv
2024-06-18 11:27:01,644 - INFO - smearTablePath:D:/Code/dataprocess/Data/5400/Library/AATITest/2024 06 08\2024 06 08 11H 09M Smear Analysis Result.csv
2024-06-18 11:27:03,681 - INFO - 文库计算结果保存名称：2024 06 08 11H 09M.xlsx
2024-06-18 11:27:03,681 - INFO - 文库计算结果保存名称：2024 06 08 11H 09M.xlsx
2024-06-18 11:27:03,681 - INFO - 正在处理准备文库数据...
2024-06-18 11:27:03,681 - INFO - 正在处理准备文库数据...
2024-06-18 11:27:04,829 - INFO - 文库数据计算完成
2024-06-18 11:27:04,829 - INFO - 文库数据计算完成
2024-06-18 11:28:04,339 - INFO - smearTablePath:D:/Code/dataprocess/Data/5400/Library/AATITest/2024 06 08\2024 06 08 11H 09M Smear Analysis Result.csv
2024-06-18 11:28:04,339 - INFO - smearTablePath:D:/Code/dataprocess/Data/5400/Library/AATITest/2024 06 08\2024 06 08 11H 09M Smear Analysis Result.csv
2024-06-18 11:28:06,372 - INFO - 文库计算结果保存名称：2024 06 08 11H 09M.xlsx
2024-06-18 11:28:06,372 - INFO - 文库计算结果保存名称：2024 06 08 11H 09M.xlsx
2024-06-18 11:28:06,373 - INFO - 正在处理准备文库数据...
2024-06-18 11:28:06,373 - INFO - 正在处理准备文库数据...
2024-06-18 11:28:07,541 - INFO - 文库数据计算完成
2024-06-18 11:28:07,541 - INFO - 文库数据计算完成
2024-06-18 11:29:39,640 - INFO - smearTablePath:D:/Code/dataprocess/Data/5400/Library/AATITest/2024 06 05/16-23-23\2024 06 05 16H 23M Smear Analysis Result.csv
2024-06-18 11:29:39,640 - INFO - smearTablePath:D:/Code/dataprocess/Data/5400/Library/AATITest/2024 06 05/16-23-23\2024 06 05 16H 23M Smear Analysis Result.csv
2024-06-18 11:29:41,680 - INFO - 文库计算结果保存名称：2024 06 05 16H 23M.xlsx
2024-06-18 11:29:41,680 - INFO - 文库计算结果保存名称：2024 06 05 16H 23M.xlsx
2024-06-18 11:29:41,680 - INFO - 正在处理准备文库数据...
2024-06-18 11:29:41,680 - INFO - 正在处理准备文库数据...
2024-06-18 11:29:42,856 - INFO - 文库数据计算完成
2024-06-18 11:29:42,856 - INFO - 文库数据计算完成
2024-06-18 11:31:00,439 - INFO - smearTablePath:D:/Code/dataprocess/Data/5400/Library/AATITest/2024 06 05/16-23-23\2024 06 05 16H 23M Smear Analysis Result.csv
2024-06-18 11:31:00,439 - INFO - smearTablePath:D:/Code/dataprocess/Data/5400/Library/AATITest/2024 06 05/16-23-23\2024 06 05 16H 23M Smear Analysis Result.csv
2024-06-18 11:31:02,475 - INFO - 文库计算结果保存名称：2024 06 05 16H 23M.xlsx
2024-06-18 11:31:02,475 - INFO - 文库计算结果保存名称：2024 06 05 16H 23M.xlsx
2024-06-18 11:31:02,476 - INFO - 正在处理准备文库数据...
2024-06-18 11:31:02,476 - INFO - 正在处理准备文库数据...
2024-06-18 11:31:03,651 - INFO - 文库数据计算完成
2024-06-18 11:31:03,651 - INFO - 文库数据计算完成
2024-06-18 11:33:14,133 - INFO - smearTablePath:D:/Code/dataprocess/Data/5400/Library/AATITest/2024 06 04\2024 06 04 15H 07M Smear Analysis Result.csv
2024-06-18 11:33:14,133 - INFO - smearTablePath:D:/Code/dataprocess/Data/5400/Library/AATITest/2024 06 04\2024 06 04 15H 07M Smear Analysis Result.csv
2024-06-18 11:33:16,168 - INFO - 文库计算结果保存名称：2024 06 04 15H 07M.xlsx
2024-06-18 11:33:16,168 - INFO - 文库计算结果保存名称：2024 06 04 15H 07M.xlsx
2024-06-18 11:33:16,168 - INFO - 正在处理准备文库数据...
2024-06-18 11:33:16,168 - INFO - 正在处理准备文库数据...
2024-06-18 11:33:17,334 - INFO - 文库数据计算完成
2024-06-18 11:33:17,334 - INFO - 文库数据计算完成
2024-06-18 11:35:31,993 - INFO - smearTablePath:D:/Code/dataprocess/Data/5400/Library/AATITest/2024 06 04\2024 06 04 15H 07M Smear Analysis Result.csv
2024-06-18 11:35:31,993 - INFO - smearTablePath:D:/Code/dataprocess/Data/5400/Library/AATITest/2024 06 04\2024 06 04 15H 07M Smear Analysis Result.csv
2024-06-18 11:35:34,032 - INFO - 文库计算结果保存名称：2024 06 04 15H 07M.xlsx
2024-06-18 11:35:34,032 - INFO - 文库计算结果保存名称：2024 06 04 15H 07M.xlsx
2024-06-18 11:35:34,032 - INFO - 正在处理准备文库数据...
2024-06-18 11:35:34,032 - INFO - 正在处理准备文库数据...
2024-06-18 11:35:35,190 - INFO - 文库数据计算完成
2024-06-18 11:35:35,190 - INFO - 文库数据计算完成
2024-06-18 11:35:44,258 - INFO - 2024-06-18 11:35:44<span style='color:#00aa00;'> [Info] </span>数据已成功导出到{'reg': 1, 'msg': {'exportResultPath': 'C:/Users/shiqi/Desktop/新建文件夹\\2024 06 04 15H 07M.xlsx', 'caculateResultPath': 'C:/Users/shiqi/Desktop/新建文件夹\\2024 06 04 15H 07M_backup.xlsx'}}!
2024-06-18 11:35:44,258 - INFO - 2024-06-18 11:35:44<span style='color:#00aa00;'> [Info] </span>数据已成功导出到{'reg': 1, 'msg': {'exportResultPath': 'C:/Users/shiqi/Desktop/新建文件夹\\2024 06 04 15H 07M.xlsx', 'caculateResultPath': 'C:/Users/shiqi/Desktop/新建文件夹\\2024 06 04 15H 07M_backup.xlsx'}}!
2024-06-18 11:37:17,623 - INFO - smearTablePath:D:/Code/dataprocess/Data/5400/Library/AATITest/2024 06 04\2024 06 04 15H 07M Smear Analysis Result.csv
2024-06-18 11:37:17,623 - INFO - smearTablePath:D:/Code/dataprocess/Data/5400/Library/AATITest/2024 06 04\2024 06 04 15H 07M Smear Analysis Result.csv
2024-06-18 11:37:19,661 - INFO - 文库计算结果保存名称：2024 06 04 15H 07M.xlsx
2024-06-18 11:37:19,661 - INFO - 文库计算结果保存名称：2024 06 04 15H 07M.xlsx
2024-06-18 11:37:19,661 - INFO - 正在处理准备文库数据...
2024-06-18 11:37:19,661 - INFO - 正在处理准备文库数据...
2024-06-18 11:37:20,813 - INFO - 文库数据计算完成
2024-06-18 11:37:20,813 - INFO - 文库数据计算完成
2024-06-18 11:37:24,782 - INFO - 2024-06-18 11:37:24<span style='color:#00aa00;'> [Info] </span>可上传数据已成功导出到C:/Users/shiqi/Desktop/新建文件夹\2024 06 04 15H 07M.xlsx!
 分析数据已成功导出至C:/Users/shiqi/Desktop/新建文件夹\2024 06 04 15H 07M_backup.xlsx!
 请检查数据是否正确。
2024-06-18 11:37:24,782 - INFO - 2024-06-18 11:37:24<span style='color:#00aa00;'> [Info] </span>可上传数据已成功导出到C:/Users/shiqi/Desktop/新建文件夹\2024 06 04 15H 07M.xlsx!
 分析数据已成功导出至C:/Users/shiqi/Desktop/新建文件夹\2024 06 04 15H 07M_backup.xlsx!
 请检查数据是否正确。
